<?xml version="1.0" encoding="UTF-8"?>
<testsuites>
  <testsuite name="mainTests" tests="6" assertions="6" failures="0" errors="0" time="0.119047">
    <testsuite name="MainTest" file="/root/WordPress-FlashMsg/test/main.php" tests="6" assertions="6" failures="0" errors="0" time="0.119047">
      <testcase name="testAlwaysTrue" class="MainTest" file="/root/WordPress-FlashMsg/test/main.php" line="14" assertions="1" time="0.020920"/>
      <testcase name="testIsObject" class="MainTest" file="/root/WordPress-FlashMsg/test/main.php" line="19" assertions="1" time="0.017949"/>
      <testcase name="testIsFlasMsg" class="MainTest" file="/root/WordPress-FlashMsg/test/main.php" line="24" assertions="1" time="0.016904"/>
      <testcase name="testSampleError" class="MainTest" file="/root/WordPress-FlashMsg/test/main.php" line="29" assertions="1" time="0.027314"/>
      <testcase name="testSampleMessage" class="MainTest" file="/root/WordPress-FlashMsg/test/main.php" line="37" assertions="1" time="0.018868"/>
      <testcase name="testClearMessages" class="MainTest" file="/root/WordPress-FlashMsg/test/main.php" line="45" assertions="1" time="0.017092"/>
    </testsuite>
  </testsuite>
</testsuites>
